<?xml version="1.0" encoding="UTF-8"?>
<!-- Generated by org.testng.reporters.JUnitXMLReporter -->
<testsuite hostname="ZCOMDMH101699-AndresRios" ignored="0" name="Command line test" tests="6" failures="0" timestamp="2022-03-02T12:42:09 COT" time="23.286" errors="0">
  <testcase name="goobleSearch" time="4.965" classname="test.examples.selenium3.GoogleSearchPomTest"/>
  <testcase name="tc01LaunchURL" time="3.351" classname="test.examples.selenium3.TestNgTestExecution"/>
  <testcase name="tc02VerifyLaunchPage" time="0.046" classname="test.examples.selenium3.TestNgTestExecution"/>
  <testcase name="tc03EnterCredentials" time="1.567" classname="test.examples.selenium3.TestNgTestExecution"/>
  <testcase name="tc04VerifyLoggedInPage" time="0.022" classname="test.examples.selenium3.TestNgTestExecution"/>
  <testcase name="tc05VerifyHyperlinks" time="0.022" classname="test.examples.selenium3.TestNgTestExecution"/>
</testsuite> <!-- Command line test -->
