<?xml version="1.0" encoding="UTF-8" ?>
<testsuite tests="6" failures="0" name="TestSuite" time="9.975" errors="0" skipped="0">
  <properties>
[...]
</properties>
  <testcase classname="test.examples.selenium3.GoogleSearchPomTest" name="goobleSearch" time="4.968"/>
  <testcase classname="test.examples.selenium3.TestNgTestExecution" name="tc01LaunchURL" time="3.35"/>
  <testcase classname="test.examples.selenium3.TestNgTestExecution" name="tc02VerifyLaunchPage" time="0.046"/>
  <testcase classname="test.examples.selenium3.TestNgTestExecution" name="tc03EnterCredentials" time="1.567"/>
  <testcase classname="test.examples.selenium3.TestNgTestExecution" name="tc04VerifyLoggedInPage" time="0.022"/>
  <testcase classname="test.examples.selenium3.TestNgTestExecution" name="tc05VerifyHyperlinks" time="0.022"/>
</testsuite>