<?xml version="1.0" encoding="UTF-8"?>
<testng-results skipped="0" failed="0" ignored="0" total="6" passed="6">
  <reporter-output>
  </reporter-output>
  <suite name="Command line suite" duration-ms="23286" started-at="2022-03-02T12:41:46 COT" finished-at="2022-03-02T12:42:09 COT">
    <groups>
      <group name="bonding">
        <method signature="TestNgTestExecution.tc01LaunchURL()[pri:0, instance:test.examples.selenium3.TestNgTestExecution@528931cf]" name="tc01LaunchURL" class="test.examples.selenium3.TestNgTestExecution"/>
        <method signature="TestNgTestExecution.tc02VerifyLaunchPage()[pri:0, instance:test.examples.selenium3.TestNgTestExecution@528931cf]" name="tc02VerifyLaunchPage" class="test.examples.selenium3.TestNgTestExecution"/>
        <method signature="TestNgTestExecution.tc03EnterCredentials()[pri:0, instance:test.examples.selenium3.TestNgTestExecution@528931cf]" name="tc03EnterCredentials" class="test.examples.selenium3.TestNgTestExecution"/>
        <method signature="TestNgTestExecution.tc05VerifyHyperlinks()[pri:0, instance:test.examples.selenium3.TestNgTestExecution@528931cf]" name="tc05VerifyHyperlinks" class="test.examples.selenium3.TestNgTestExecution"/>
      </group> <!-- bonding -->
      <group name="strong_ties">
        <method signature="TestNgTestExecution.tc01LaunchURL()[pri:0, instance:test.examples.selenium3.TestNgTestExecution@528931cf]" name="tc01LaunchURL" class="test.examples.selenium3.TestNgTestExecution"/>
        <method signature="TestNgTestExecution.tc03EnterCredentials()[pri:0, instance:test.examples.selenium3.TestNgTestExecution@528931cf]" name="tc03EnterCredentials" class="test.examples.selenium3.TestNgTestExecution"/>
        <method signature="TestNgTestExecution.tc04VerifyLoggedInPage()[pri:0, instance:test.examples.selenium3.TestNgTestExecution@528931cf]" name="tc04VerifyLoggedInPage" class="test.examples.selenium3.TestNgTestExecution"/>
      </group> <!-- strong_ties -->
    </groups>
    <test name="Command line test" duration-ms="23286" started-at="2022-03-02T12:41:46 COT" finished-at="2022-03-02T12:42:09 COT">
      <class name="test.examples.selenium3.GoogleSearchPomTest">
        <test-method status="PASS" signature="setup()[pri:0, instance:test.examples.selenium3.GoogleSearchPomTest@5a1c0542]" name="setup" is-config="true" duration-ms="4116" started-at="2022-03-02T12:41:46 COT" finished-at="2022-03-02T12:41:50 COT">
          <reporter-output>
          </reporter-output>
        </test-method> <!-- setup -->
        <test-method status="PASS" signature="goobleSearch()[pri:1, instance:test.examples.selenium3.GoogleSearchPomTest@5a1c0542]" name="goobleSearch" duration-ms="4965" started-at="2022-03-02T12:41:56 COT" finished-at="2022-03-02T12:42:01 COT">
          <reporter-output>
          </reporter-output>
        </test-method> <!-- goobleSearch -->
        <test-method status="PASS" signature="close()[pri:0, instance:test.examples.selenium3.GoogleSearchPomTest@5a1c0542]" name="close" is-config="true" duration-ms="3317" started-at="2022-03-02T12:42:06 COT" finished-at="2022-03-02T12:42:09 COT">
          <reporter-output>
          </reporter-output>
        </test-method> <!-- close -->
      </class> <!-- test.examples.selenium3.GoogleSearchPomTest -->
      <class name="test.examples.selenium3.TestNgTestExecution">
        <test-method status="PASS" signature="setup()[pri:0, instance:test.examples.selenium3.TestNgTestExecution@528931cf]" name="setup" is-config="true" duration-ms="5856" started-at="2022-03-02T12:41:50 COT" finished-at="2022-03-02T12:41:56 COT">
          <reporter-output>
          </reporter-output>
        </test-method> <!-- setup -->
        <test-method status="PASS" signature="tc01LaunchURL()[pri:0, instance:test.examples.selenium3.TestNgTestExecution@528931cf]" name="tc01LaunchURL" duration-ms="3351" started-at="2022-03-02T12:42:01 COT" finished-at="2022-03-02T12:42:04 COT">
          <reporter-output>
          </reporter-output>
        </test-method> <!-- tc01LaunchURL -->
        <test-method status="PASS" signature="tc02VerifyLaunchPage()[pri:0, instance:test.examples.selenium3.TestNgTestExecution@528931cf]" name="tc02VerifyLaunchPage" duration-ms="46" started-at="2022-03-02T12:42:04 COT" finished-at="2022-03-02T12:42:04 COT">
          <reporter-output>
          </reporter-output>
        </test-method> <!-- tc02VerifyLaunchPage -->
        <test-method status="PASS" signature="tc03EnterCredentials()[pri:0, instance:test.examples.selenium3.TestNgTestExecution@528931cf]" name="tc03EnterCredentials" duration-ms="1567" started-at="2022-03-02T12:42:04 COT" finished-at="2022-03-02T12:42:06 COT">
          <reporter-output>
          </reporter-output>
        </test-method> <!-- tc03EnterCredentials -->
        <test-method status="PASS" signature="tc04VerifyLoggedInPage()[pri:0, instance:test.examples.selenium3.TestNgTestExecution@528931cf]" name="tc04VerifyLoggedInPage" duration-ms="22" started-at="2022-03-02T12:42:06 COT" finished-at="2022-03-02T12:42:06 COT">
          <reporter-output>
          </reporter-output>
        </test-method> <!-- tc04VerifyLoggedInPage -->
        <test-method status="PASS" signature="tc05VerifyHyperlinks()[pri:0, instance:test.examples.selenium3.TestNgTestExecution@528931cf]" name="tc05VerifyHyperlinks" duration-ms="22" started-at="2022-03-02T12:42:06 COT" finished-at="2022-03-02T12:42:06 COT">
          <reporter-output>
          </reporter-output>
        </test-method> <!-- tc05VerifyHyperlinks -->
      </class> <!-- test.examples.selenium3.TestNgTestExecution -->
    </test> <!-- Command line test -->
  </suite> <!-- Command line suite -->
</testng-results>
